<?xml version="1.0" encoding="UTF-8"?>
<!-- Generated by org.testng.reporters.JUnitReportReporter -->
<testsuite hostname="LAPTOP-4MO39718" name="BankGuruTestcases.NewCustomerScript" tests="3" failures="0" timestamp="24 Aug 2019 11:58:19 GMT" time="3.538" errors="0">
  <testcase name="TC_02_DateFieldCannotBlank" time="0.151" classname="BankGuruTestcases.NewCustomerScript"/>
  <testcase name="TC_03_SignUpNewCustomer" time="3.170" classname="BankGuruTestcases.NewCustomerScript"/>
  <testcase name="TC_01_CustomerCannotBlank" time="0.217" classname="BankGuruTestcases.NewCustomerScript"/>
</testsuite> <!-- BankGuruTestcases.NewCustomerScript -->
