<?xml version="1.0" encoding="UTF-8"?>
<!-- Generated by org.testng.reporters.JUnitReportReporter -->
<testsuite hostname="LAPTOP-4MO39718" name="BankGuruTestcases.NewCustomerScript" tests="3" failures="0" timestamp="15 Jun 2019 10:02:44 GMT" time="3.411" errors="0">
  <testcase name="TC_03_SignUpNewCustomer" time="3.064" classname="BankGuruTestcases.NewCustomerScript"/>
  <testcase name="TC_02_DateFieldCannotBlank" time="0.167" classname="BankGuruTestcases.NewCustomerScript"/>
  <testcase name="TC_01_CustomerCannotBlank" time="0.180" classname="BankGuruTestcases.NewCustomerScript"/>
</testsuite> <!-- BankGuruTestcases.NewCustomerScript -->
