<?xml version="1.0" encoding="UTF-8"?>
<!-- Generated by org.testng.reporters.JUnitReportReporter -->
<testsuite hostname="LAPTOP-4MO39718" name="BankGuruTestcases.RegisterScript" tests="1" failures="0" timestamp="24 Aug 2019 11:58:19 GMT" time="1.448" errors="0">
  <testcase name="getAccountRegister" time="1.448" classname="BankGuruTestcases.RegisterScript"/>
</testsuite> <!-- BankGuruTestcases.RegisterScript -->
