<?xml version="1.0" encoding="UTF-8"?>
<!-- Generated by org.testng.reporters.JUnitReportReporter -->
<testsuite hostname="LAPTOP-4MO39718" name="BankGuruTestcases.EditCustomerScript" tests="6" failures="0" timestamp="15 Jun 2019 10:02:44 GMT" time="20.972" errors="0">
  <testcase name="TC_03_EditState" time="3.151" classname="BankGuruTestcases.EditCustomerScript"/>
  <testcase name="TC_01_EditAddress" time="3.560" classname="BankGuruTestcases.EditCustomerScript"/>
  <testcase name="TC_05_EditPhone" time="3.367" classname="BankGuruTestcases.EditCustomerScript"/>
  <testcase name="TC_06_EditEmail" time="3.239" classname="BankGuruTestcases.EditCustomerScript"/>
  <testcase name="TC_02_EditCity" time="3.901" classname="BankGuruTestcases.EditCustomerScript"/>
  <testcase name="TC_04_EditPin" time="3.754" classname="BankGuruTestcases.EditCustomerScript"/>
</testsuite> <!-- BankGuruTestcases.EditCustomerScript -->
